<?xml version="1.0" encoding="UTF-8"?>
<testng-results skipped="0" failed="0" total="1" passed="1">
  <reporter-output>
  </reporter-output>
  <suite name="Default suite" duration-ms="30209" started-at="2016-03-13T03:51:21Z" finished-at="2016-03-13T03:51:52Z">
    <groups>
    </groups>
    <test name="Default test" duration-ms="30209" started-at="2016-03-13T03:51:21Z" finished-at="2016-03-13T03:51:52Z">
      <class name="com.example.SetBrowserWindowSize">
        <test-method status="PASS" signature="setBrowserWindowSize()[pri:0, instance:com.example.SetBrowserWindowSize@6a5fc7f7]" name="setBrowserWindowSize" duration-ms="30185" started-at="2016-03-13T09:21:21Z" finished-at="2016-03-13T09:21:52Z">
          <reporter-output>
          </reporter-output>
        </test-method> <!-- setBrowserWindowSize -->
      </class> <!-- com.example.SetBrowserWindowSize -->
    </test> <!-- Default test -->
  </suite> <!-- Default suite -->
</testng-results>
